-------------------------------------------------------------------------------
Test set: com.bigdog.test.BigDataTest
-------------------------------------------------------------------------------
Tests run: 1, Failures: 0, Errors: 1, Skipped: 0, Time elapsed: 564.053 sec <<< FAILURE!
test(com.bigdog.test.BigDataTest)  Time elapsed: 563.989 sec  <<< ERROR!
org.apache.hadoop.hbase.client.RetriesExhaustedException: Failed after attempts=35, exceptions:
Tue Aug 26 13:26:13 EDT 2014, org.apache.hadoop.hbase.client.RpcRetryingCaller@55a68938, java.net.UnknownHostException: unknown host: hmaster
Tue Aug 26 13:26:13 EDT 2014, org.apache.hadoop.hbase.client.RpcRetryingCaller@55a68938, java.net.UnknownHostException: unknown host: hmaster
Tue Aug 26 13:26:14 EDT 2014, org.apache.hadoop.hbase.client.RpcRetryingCaller@55a68938, java.net.UnknownHostException: unknown host: hmaster
Tue Aug 26 13:26:15 EDT 2014, org.apache.hadoop.hbase.client.RpcRetryingCaller@55a68938, java.net.UnknownHostException: unknown host: hmaster
Tue Aug 26 13:26:17 EDT 2014, org.apache.hadoop.hbase.client.RpcRetryingCaller@55a68938, java.net.UnknownHostException: unknown host: hmaster
Tue Aug 26 13:26:21 EDT 2014, org.apache.hadoop.hbase.client.RpcRetryingCaller@55a68938, java.net.UnknownHostException: unknown host: hmaster
Tue Aug 26 13:26:31 EDT 2014, org.apache.hadoop.hbase.client.RpcRetryingCaller@55a68938, java.net.UnknownHostException: unknown host: hmaster
Tue Aug 26 13:26:41 EDT 2014, org.apache.hadoop.hbase.client.RpcRetryingCaller@55a68938, java.net.UnknownHostException: unknown host: hmaster
Tue Aug 26 13:26:51 EDT 2014, org.apache.hadoop.hbase.client.RpcRetryingCaller@55a68938, java.net.UnknownHostException: unknown host: hmaster
Tue Aug 26 13:27:01 EDT 2014, org.apache.hadoop.hbase.client.RpcRetryingCaller@55a68938, java.net.UnknownHostException: unknown host: hmaster
Tue Aug 26 13:27:21 EDT 2014, org.apache.hadoop.hbase.client.RpcRetryingCaller@55a68938, java.net.UnknownHostException: unknown host: hmaster
Tue Aug 26 13:27:41 EDT 2014, org.apache.hadoop.hbase.client.RpcRetryingCaller@55a68938, java.net.UnknownHostException: unknown host: hmaster
Tue Aug 26 13:28:01 EDT 2014, org.apache.hadoop.hbase.client.RpcRetryingCaller@55a68938, java.net.UnknownHostException: unknown host: hmaster
Tue Aug 26 13:28:22 EDT 2014, org.apache.hadoop.hbase.client.RpcRetryingCaller@55a68938, java.net.UnknownHostException: unknown host: hmaster
Tue Aug 26 13:28:42 EDT 2014, org.apache.hadoop.hbase.client.RpcRetryingCaller@55a68938, java.net.UnknownHostException: unknown host: hmaster
Tue Aug 26 13:29:02 EDT 2014, org.apache.hadoop.hbase.client.RpcRetryingCaller@55a68938, java.net.UnknownHostException: unknown host: hmaster
Tue Aug 26 13:29:22 EDT 2014, org.apache.hadoop.hbase.client.RpcRetryingCaller@55a68938, java.net.UnknownHostException: unknown host: hmaster
Tue Aug 26 13:29:42 EDT 2014, org.apache.hadoop.hbase.client.RpcRetryingCaller@55a68938, java.net.UnknownHostException: unknown host: hmaster
Tue Aug 26 13:30:02 EDT 2014, org.apache.hadoop.hbase.client.RpcRetryingCaller@55a68938, java.net.UnknownHostException: unknown host: hmaster
Tue Aug 26 13:30:22 EDT 2014, org.apache.hadoop.hbase.client.RpcRetryingCaller@55a68938, java.net.UnknownHostException: unknown host: hmaster
Tue Aug 26 13:30:42 EDT 2014, org.apache.hadoop.hbase.client.RpcRetryingCaller@55a68938, java.net.UnknownHostException: unknown host: hmaster
Tue Aug 26 13:31:02 EDT 2014, org.apache.hadoop.hbase.client.RpcRetryingCaller@55a68938, java.net.UnknownHostException: unknown host: hmaster
Tue Aug 26 13:31:22 EDT 2014, org.apache.hadoop.hbase.client.RpcRetryingCaller@55a68938, java.net.UnknownHostException: unknown host: hmaster
Tue Aug 26 13:31:42 EDT 2014, org.apache.hadoop.hbase.client.RpcRetryingCaller@55a68938, java.net.UnknownHostException: unknown host: hmaster
Tue Aug 26 13:32:02 EDT 2014, org.apache.hadoop.hbase.client.RpcRetryingCaller@55a68938, java.net.UnknownHostException: unknown host: hmaster
Tue Aug 26 13:32:23 EDT 2014, org.apache.hadoop.hbase.client.RpcRetryingCaller@55a68938, java.net.UnknownHostException: unknown host: hmaster
Tue Aug 26 13:32:43 EDT 2014, org.apache.hadoop.hbase.client.RpcRetryingCaller@55a68938, java.net.UnknownHostException: unknown host: hmaster
Tue Aug 26 13:33:03 EDT 2014, org.apache.hadoop.hbase.client.RpcRetryingCaller@55a68938, java.net.UnknownHostException: unknown host: hmaster
Tue Aug 26 13:33:23 EDT 2014, org.apache.hadoop.hbase.client.RpcRetryingCaller@55a68938, java.net.UnknownHostException: unknown host: hmaster
Tue Aug 26 13:33:43 EDT 2014, org.apache.hadoop.hbase.client.RpcRetryingCaller@55a68938, java.net.UnknownHostException: unknown host: hmaster
Tue Aug 26 13:34:03 EDT 2014, org.apache.hadoop.hbase.client.RpcRetryingCaller@55a68938, java.net.UnknownHostException: unknown host: hmaster
Tue Aug 26 13:34:23 EDT 2014, org.apache.hadoop.hbase.client.RpcRetryingCaller@55a68938, java.net.UnknownHostException: unknown host: hmaster
Tue Aug 26 13:34:43 EDT 2014, org.apache.hadoop.hbase.client.RpcRetryingCaller@55a68938, java.net.UnknownHostException: unknown host: hmaster
Tue Aug 26 13:35:03 EDT 2014, org.apache.hadoop.hbase.client.RpcRetryingCaller@55a68938, java.net.UnknownHostException: unknown host: hmaster
Tue Aug 26 13:35:23 EDT 2014, org.apache.hadoop.hbase.client.RpcRetryingCaller@55a68938, java.net.UnknownHostException: unknown host: hmaster

	at org.apache.hadoop.hbase.client.RpcRetryingCaller.callWithRetries(RpcRetryingCaller.java:129)
	at org.apache.hadoop.hbase.client.RpcRetryingCaller.callWithRetries(RpcRetryingCaller.java:90)
	at org.apache.hadoop.hbase.client.ClientScanner.nextScanner(ClientScanner.java:282)
	at org.apache.hadoop.hbase.client.ClientScanner.initializeScannerInConstruction(ClientScanner.java:187)
	at org.apache.hadoop.hbase.client.ClientScanner.<init>(ClientScanner.java:182)
	at org.apache.hadoop.hbase.client.ClientScanner.<init>(ClientScanner.java:109)
	at org.apache.hadoop.hbase.client.HTable.getScanner(HTable.java:738)
	at org.apache.hadoop.hbase.catalog.MetaReader.fullScan(MetaReader.java:539)
	at org.apache.hadoop.hbase.catalog.MetaReader.tableExists(MetaReader.java:310)
	at org.apache.hadoop.hbase.client.HBaseAdmin.tableExists(HBaseAdmin.java:279)
	at org.apache.hadoop.hbase.client.HBaseAdmin.tableExists(HBaseAdmin.java:293)
	at com.bigdog.hbase.HBaseTest.creatTable(HBaseTest.java:76)
	at com.bigdog.test.BigDataTest.test(BigDataTest.java:25)
	at sun.reflect.NativeMethodAccessorImpl.invoke0(Native Method)
	at sun.reflect.NativeMethodAccessorImpl.invoke(NativeMethodAccessorImpl.java:57)
	at sun.reflect.DelegatingMethodAccessorImpl.invoke(DelegatingMethodAccessorImpl.java:43)
	at java.lang.reflect.Method.invoke(Method.java:606)
	at org.junit.runners.model.FrameworkMethod$1.runReflectiveCall(FrameworkMethod.java:45)
	at org.junit.internal.runners.model.ReflectiveCallable.run(ReflectiveCallable.java:15)
	at org.junit.runners.model.FrameworkMethod.invokeExplosively(FrameworkMethod.java:42)
	at org.junit.internal.runners.statements.InvokeMethod.evaluate(InvokeMethod.java:20)
	at org.junit.runners.ParentRunner.runLeaf(ParentRunner.java:263)
	at org.junit.runners.BlockJUnit4ClassRunner.runChild(BlockJUnit4ClassRunner.java:68)
	at org.junit.runners.BlockJUnit4ClassRunner.runChild(BlockJUnit4ClassRunner.java:47)
	at org.junit.runners.ParentRunner$3.run(ParentRunner.java:231)
	at org.junit.runners.ParentRunner$1.schedule(ParentRunner.java:60)
	at org.junit.runners.ParentRunner.runChildren(ParentRunner.java:229)
	at org.junit.runners.ParentRunner.access$000(ParentRunner.java:50)
	at org.junit.runners.ParentRunner$2.evaluate(ParentRunner.java:222)
	at org.junit.runners.ParentRunner.run(ParentRunner.java:300)
	at org.apache.maven.surefire.junit4.JUnit4Provider.execute(JUnit4Provider.java:252)
	at org.apache.maven.surefire.junit4.JUnit4Provider.executeTestSet(JUnit4Provider.java:141)
	at org.apache.maven.surefire.junit4.JUnit4Provider.invoke(JUnit4Provider.java:112)
	at sun.reflect.NativeMethodAccessorImpl.invoke0(Native Method)
	at sun.reflect.NativeMethodAccessorImpl.invoke(NativeMethodAccessorImpl.java:57)
	at sun.reflect.DelegatingMethodAccessorImpl.invoke(DelegatingMethodAccessorImpl.java:43)
	at java.lang.reflect.Method.invoke(Method.java:606)
	at org.apache.maven.surefire.util.ReflectionUtils.invokeMethodWithArray(ReflectionUtils.java:189)
	at org.apache.maven.surefire.booter.ProviderFactory$ProviderProxy.invoke(ProviderFactory.java:165)
	at org.apache.maven.surefire.booter.ProviderFactory.invokeProvider(ProviderFactory.java:85)
	at org.apache.maven.surefire.booter.ForkedBooter.runSuitesInProcess(ForkedBooter.java:115)
	at org.apache.maven.surefire.booter.ForkedBooter.main(ForkedBooter.java:75)
Caused by: java.net.UnknownHostException: unknown host: hmaster
	at org.apache.hadoop.hbase.ipc.RpcClient$Connection.<init>(RpcClient.java:386)
	at org.apache.hadoop.hbase.ipc.RpcClient.createConnection(RpcClient.java:352)
	at org.apache.hadoop.hbase.ipc.RpcClient.getConnection(RpcClient.java:1526)
	at org.apache.hadoop.hbase.ipc.RpcClient.call(RpcClient.java:1438)
	at org.apache.hadoop.hbase.ipc.RpcClient.callBlockingMethod(RpcClient.java:1657)
	at org.apache.hadoop.hbase.ipc.RpcClient$BlockingRpcChannelImplementation.callBlockingMethod(RpcClient.java:1715)
	at org.apache.hadoop.hbase.protobuf.generated.ClientProtos$ClientService$BlockingStub.scan(ClientProtos.java:29900)
	at org.apache.hadoop.hbase.client.ScannerCallable.openScanner(ScannerCallable.java:308)
	at org.apache.hadoop.hbase.client.ScannerCallable.call(ScannerCallable.java:164)
	at org.apache.hadoop.hbase.client.ScannerCallable.call(ScannerCallable.java:59)
	at org.apache.hadoop.hbase.client.RpcRetryingCaller.callWithRetries(RpcRetryingCaller.java:114)
	... 41 more

