<?xml version="1.0" encoding="UTF-8" ?>
<testsuite failures="0" time="563.989" errors="1" skipped="0" tests="1" name="com.bigdog.test.BigDataTest">
  <properties>
[...]
</properties>
  <testcase time="563.989" classname="com.bigdog.test.BigDataTest" name="test">
    <error message="Failed after attempts=35, exceptions:
Tue Aug 26 13:26:13 EDT 2014, org.apache.hadoop.hbase.client.RpcRetryingCaller@55a68938, java.net.UnknownHostException: unknown host: hmaster
Tue Aug 26 13:26:13 EDT 2014, org.apache.hadoop.hbase.client.RpcRetryingCaller@55a68938, java.net.UnknownHostException: unknown host: hmaster
Tue Aug 26 13:26:14 EDT 2014, org.apache.hadoop.hbase.client.RpcRetryingCaller@55a68938, java.net.UnknownHostException: unknown host: hmaster
Tue Aug 26 13:26:15 EDT 2014, org.apache.hadoop.hbase.client.RpcRetryingCaller@55a68938, java.net.UnknownHostException: unknown host: hmaster
Tue Aug 26 13:26:17 EDT 2014, org.apache.hadoop.hbase.client.RpcRetryingCaller@55a68938, java.net.UnknownHostException: unknown host: hmaster
Tue Aug 26 13:26:21 EDT 2014, org.apache.hadoop.hbase.client.RpcRetryingCaller@55a68938, java.net.UnknownHostException: unknown host: hmaster
Tue Aug 26 13:26:31 EDT 2014, org.apache.hadoop.hbase.client.RpcRetryingCaller@55a68938, java.net.UnknownHostException: unknown host: hmaster
Tue Aug 26 13:26:41 EDT 2014, org.apache.hadoop.hbase.client.RpcRetryingCaller@55a68938, java.net.UnknownHostException: unknown host: hmaster
Tue Aug 26 13:26:51 EDT 2014, org.apache.hadoop.hbase.client.RpcRetryingCaller@55a68938, java.net.UnknownHostException: unknown host: hmaster
Tue Aug 26 13:27:01 EDT 2014, org.apache.hadoop.hbase.client.RpcRetryingCaller@55a68938, java.net.UnknownHostException: unknown host: hmaster
Tue Aug 26 13:27:21 EDT 2014, org.apache.hadoop.hbase.client.RpcRetryingCaller@55a68938, java.net.UnknownHostException: unknown host: hmaster
Tue Aug 26 13:27:41 EDT 2014, org.apache.hadoop.hbase.client.RpcRetryingCaller@55a68938, java.net.UnknownHostException: unknown host: hmaster
Tue Aug 26 13:28:01 EDT 2014, org.apache.hadoop.hbase.client.RpcRetryingCaller@55a68938, java.net.UnknownHostException: unknown host: hmaster
Tue Aug 26 13:28:22 EDT 2014, org.apache.hadoop.hbase.client.RpcRetryingCaller@55a68938, java.net.UnknownHostException: unknown host: hmaster
Tue Aug 26 13:28:42 EDT 2014, org.apache.hadoop.hbase.client.RpcRetryingCaller@55a68938, java.net.UnknownHostException: unknown host: hmaster
Tue Aug 26 13:29:02 EDT 2014, org.apache.hadoop.hbase.client.RpcRetryingCaller@55a68938, java.net.UnknownHostException: unknown host: hmaster
Tue Aug 26 13:29:22 EDT 2014, org.apache.hadoop.hbase.client.RpcRetryingCaller@55a68938, java.net.UnknownHostException: unknown host: hmaster
Tue Aug 26 13:29:42 EDT 2014, org.apache.hadoop.hbase.client.RpcRetryingCaller@55a68938, java.net.UnknownHostException: unknown host: hmaster
Tue Aug 26 13:30:02 EDT 2014, org.apache.hadoop.hbase.client.RpcRetryingCaller@55a68938, java.net.UnknownHostException: unknown host: hmaster
Tue Aug 26 13:30:22 EDT 2014, org.apache.hadoop.hbase.client.RpcRetryingCaller@55a68938, java.net.UnknownHostException: unknown host: hmaster
Tue Aug 26 13:30:42 EDT 2014, org.apache.hadoop.hbase.client.RpcRetryingCaller@55a68938, java.net.UnknownHostException: unknown host: hmaster
Tue Aug 26 13:31:02 EDT 2014, org.apache.hadoop.hbase.client.RpcRetryingCaller@55a68938, java.net.UnknownHostException: unknown host: hmaster
Tue Aug 26 13:31:22 EDT 2014, org.apache.hadoop.hbase.client.RpcRetryingCaller@55a68938, java.net.UnknownHostException: unknown host: hmaster
Tue Aug 26 13:31:42 EDT 2014, org.apache.hadoop.hbase.client.RpcRetryingCaller@55a68938, java.net.UnknownHostException: unknown host: hmaster
Tue Aug 26 13:32:02 EDT 2014, org.apache.hadoop.hbase.client.RpcRetryingCaller@55a68938, java.net.UnknownHostException: unknown host: hmaster
Tue Aug 26 13:32:23 EDT 2014, org.apache.hadoop.hbase.client.RpcRetryingCaller@55a68938, java.net.UnknownHostException: unknown host: hmaster
Tue Aug 26 13:32:43 EDT 2014, org.apache.hadoop.hbase.client.RpcRetryingCaller@55a68938, java.net.UnknownHostException: unknown host: hmaster
Tue Aug 26 13:33:03 EDT 2014, org.apache.hadoop.hbase.client.RpcRetryingCaller@55a68938, java.net.UnknownHostException: unknown host: hmaster
Tue Aug 26 13:33:23 EDT 2014, org.apache.hadoop.hbase.client.RpcRetryingCaller@55a68938, java.net.UnknownHostException: unknown host: hmaster
Tue Aug 26 13:33:43 EDT 2014, org.apache.hadoop.hbase.client.RpcRetryingCaller@55a68938, java.net.UnknownHostException: unknown host: hmaster
Tue Aug 26 13:34:03 EDT 2014, org.apache.hadoop.hbase.client.RpcRetryingCaller@55a68938, java.net.UnknownHostException: unknown host: hmaster
Tue Aug 26 13:34:23 EDT 2014, org.apache.hadoop.hbase.client.RpcRetryingCaller@55a68938, java.net.UnknownHostException: unknown host: hmaster
Tue Aug 26 13:34:43 EDT 2014, org.apache.hadoop.hbase.client.RpcRetryingCaller@55a68938, java.net.UnknownHostException: unknown host: hmaster
Tue Aug 26 13:35:03 EDT 2014, org.apache.hadoop.hbase.client.RpcRetryingCaller@55a68938, java.net.UnknownHostException: unknown host: hmaster
Tue Aug 26 13:35:23 EDT 2014, org.apache.hadoop.hbase.client.RpcRetryingCaller@55a68938, java.net.UnknownHostException: unknown host: hmaster
" type="org.apache.hadoop.hbase.client.RetriesExhaustedException">org.apache.hadoop.hbase.client.RetriesExhaustedException: Failed after attempts=35, exceptions:
Tue Aug 26 13:26:13 EDT 2014, org.apache.hadoop.hbase.client.RpcRetryingCaller@55a68938, java.net.UnknownHostException: unknown host: hmaster
Tue Aug 26 13:26:13 EDT 2014, org.apache.hadoop.hbase.client.RpcRetryingCaller@55a68938, java.net.UnknownHostException: unknown host: hmaster
Tue Aug 26 13:26:14 EDT 2014, org.apache.hadoop.hbase.client.RpcRetryingCaller@55a68938, java.net.UnknownHostException: unknown host: hmaster
Tue Aug 26 13:26:15 EDT 2014, org.apache.hadoop.hbase.client.RpcRetryingCaller@55a68938, java.net.UnknownHostException: unknown host: hmaster
Tue Aug 26 13:26:17 EDT 2014, org.apache.hadoop.hbase.client.RpcRetryingCaller@55a68938, java.net.UnknownHostException: unknown host: hmaster
Tue Aug 26 13:26:21 EDT 2014, org.apache.hadoop.hbase.client.RpcRetryingCaller@55a68938, java.net.UnknownHostException: unknown host: hmaster
Tue Aug 26 13:26:31 EDT 2014, org.apache.hadoop.hbase.client.RpcRetryingCaller@55a68938, java.net.UnknownHostException: unknown host: hmaster
Tue Aug 26 13:26:41 EDT 2014, org.apache.hadoop.hbase.client.RpcRetryingCaller@55a68938, java.net.UnknownHostException: unknown host: hmaster
Tue Aug 26 13:26:51 EDT 2014, org.apache.hadoop.hbase.client.RpcRetryingCaller@55a68938, java.net.UnknownHostException: unknown host: hmaster
Tue Aug 26 13:27:01 EDT 2014, org.apache.hadoop.hbase.client.RpcRetryingCaller@55a68938, java.net.UnknownHostException: unknown host: hmaster
Tue Aug 26 13:27:21 EDT 2014, org.apache.hadoop.hbase.client.RpcRetryingCaller@55a68938, java.net.UnknownHostException: unknown host: hmaster
Tue Aug 26 13:27:41 EDT 2014, org.apache.hadoop.hbase.client.RpcRetryingCaller@55a68938, java.net.UnknownHostException: unknown host: hmaster
Tue Aug 26 13:28:01 EDT 2014, org.apache.hadoop.hbase.client.RpcRetryingCaller@55a68938, java.net.UnknownHostException: unknown host: hmaster
Tue Aug 26 13:28:22 EDT 2014, org.apache.hadoop.hbase.client.RpcRetryingCaller@55a68938, java.net.UnknownHostException: unknown host: hmaster
Tue Aug 26 13:28:42 EDT 2014, org.apache.hadoop.hbase.client.RpcRetryingCaller@55a68938, java.net.UnknownHostException: unknown host: hmaster
Tue Aug 26 13:29:02 EDT 2014, org.apache.hadoop.hbase.client.RpcRetryingCaller@55a68938, java.net.UnknownHostException: unknown host: hmaster
Tue Aug 26 13:29:22 EDT 2014, org.apache.hadoop.hbase.client.RpcRetryingCaller@55a68938, java.net.UnknownHostException: unknown host: hmaster
Tue Aug 26 13:29:42 EDT 2014, org.apache.hadoop.hbase.client.RpcRetryingCaller@55a68938, java.net.UnknownHostException: unknown host: hmaster
Tue Aug 26 13:30:02 EDT 2014, org.apache.hadoop.hbase.client.RpcRetryingCaller@55a68938, java.net.UnknownHostException: unknown host: hmaster
Tue Aug 26 13:30:22 EDT 2014, org.apache.hadoop.hbase.client.RpcRetryingCaller@55a68938, java.net.UnknownHostException: unknown host: hmaster
Tue Aug 26 13:30:42 EDT 2014, org.apache.hadoop.hbase.client.RpcRetryingCaller@55a68938, java.net.UnknownHostException: unknown host: hmaster
Tue Aug 26 13:31:02 EDT 2014, org.apache.hadoop.hbase.client.RpcRetryingCaller@55a68938, java.net.UnknownHostException: unknown host: hmaster
Tue Aug 26 13:31:22 EDT 2014, org.apache.hadoop.hbase.client.RpcRetryingCaller@55a68938, java.net.UnknownHostException: unknown host: hmaster
Tue Aug 26 13:31:42 EDT 2014, org.apache.hadoop.hbase.client.RpcRetryingCaller@55a68938, java.net.UnknownHostException: unknown host: hmaster
Tue Aug 26 13:32:02 EDT 2014, org.apache.hadoop.hbase.client.RpcRetryingCaller@55a68938, java.net.UnknownHostException: unknown host: hmaster
Tue Aug 26 13:32:23 EDT 2014, org.apache.hadoop.hbase.client.RpcRetryingCaller@55a68938, java.net.UnknownHostException: unknown host: hmaster
Tue Aug 26 13:32:43 EDT 2014, org.apache.hadoop.hbase.client.RpcRetryingCaller@55a68938, java.net.UnknownHostException: unknown host: hmaster
Tue Aug 26 13:33:03 EDT 2014, org.apache.hadoop.hbase.client.RpcRetryingCaller@55a68938, java.net.UnknownHostException: unknown host: hmaster
Tue Aug 26 13:33:23 EDT 2014, org.apache.hadoop.hbase.client.RpcRetryingCaller@55a68938, java.net.UnknownHostException: unknown host: hmaster
Tue Aug 26 13:33:43 EDT 2014, org.apache.hadoop.hbase.client.RpcRetryingCaller@55a68938, java.net.UnknownHostException: unknown host: hmaster
Tue Aug 26 13:34:03 EDT 2014, org.apache.hadoop.hbase.client.RpcRetryingCaller@55a68938, java.net.UnknownHostException: unknown host: hmaster
Tue Aug 26 13:34:23 EDT 2014, org.apache.hadoop.hbase.client.RpcRetryingCaller@55a68938, java.net.UnknownHostException: unknown host: hmaster
Tue Aug 26 13:34:43 EDT 2014, org.apache.hadoop.hbase.client.RpcRetryingCaller@55a68938, java.net.UnknownHostException: unknown host: hmaster
Tue Aug 26 13:35:03 EDT 2014, org.apache.hadoop.hbase.client.RpcRetryingCaller@55a68938, java.net.UnknownHostException: unknown host: hmaster
Tue Aug 26 13:35:23 EDT 2014, org.apache.hadoop.hbase.client.RpcRetryingCaller@55a68938, java.net.UnknownHostException: unknown host: hmaster

	at org.apache.hadoop.hbase.client.RpcRetryingCaller.callWithRetries(RpcRetryingCaller.java:129)
	at org.apache.hadoop.hbase.client.RpcRetryingCaller.callWithRetries(RpcRetryingCaller.java:90)
	at org.apache.hadoop.hbase.client.ClientScanner.nextScanner(ClientScanner.java:282)
	at org.apache.hadoop.hbase.client.ClientScanner.initializeScannerInConstruction(ClientScanner.java:187)
	at org.apache.hadoop.hbase.client.ClientScanner.&lt;init&gt;(ClientScanner.java:182)
	at org.apache.hadoop.hbase.client.ClientScanner.&lt;init&gt;(ClientScanner.java:109)
	at org.apache.hadoop.hbase.client.HTable.getScanner(HTable.java:738)
	at org.apache.hadoop.hbase.catalog.MetaReader.fullScan(MetaReader.java:539)
	at org.apache.hadoop.hbase.catalog.MetaReader.tableExists(MetaReader.java:310)
	at org.apache.hadoop.hbase.client.HBaseAdmin.tableExists(HBaseAdmin.java:279)
	at org.apache.hadoop.hbase.client.HBaseAdmin.tableExists(HBaseAdmin.java:293)
	at com.bigdog.hbase.HBaseTest.creatTable(HBaseTest.java:76)
	at com.bigdog.test.BigDataTest.test(BigDataTest.java:25)
	at sun.reflect.NativeMethodAccessorImpl.invoke0(Native Method)
	at sun.reflect.NativeMethodAccessorImpl.invoke(NativeMethodAccessorImpl.java:57)
	at sun.reflect.DelegatingMethodAccessorImpl.invoke(DelegatingMethodAccessorImpl.java:43)
	at java.lang.reflect.Method.invoke(Method.java:606)
	at org.junit.runners.model.FrameworkMethod$1.runReflectiveCall(FrameworkMethod.java:45)
	at org.junit.internal.runners.model.ReflectiveCallable.run(ReflectiveCallable.java:15)
	at org.junit.runners.model.FrameworkMethod.invokeExplosively(FrameworkMethod.java:42)
	at org.junit.internal.runners.statements.InvokeMethod.evaluate(InvokeMethod.java:20)
	at org.junit.runners.ParentRunner.runLeaf(ParentRunner.java:263)
	at org.junit.runners.BlockJUnit4ClassRunner.runChild(BlockJUnit4ClassRunner.java:68)
	at org.junit.runners.BlockJUnit4ClassRunner.runChild(BlockJUnit4ClassRunner.java:47)
	at org.junit.runners.ParentRunner$3.run(ParentRunner.java:231)
	at org.junit.runners.ParentRunner$1.schedule(ParentRunner.java:60)
	at org.junit.runners.ParentRunner.runChildren(ParentRunner.java:229)
	at org.junit.runners.ParentRunner.access$000(ParentRunner.java:50)
	at org.junit.runners.ParentRunner$2.evaluate(ParentRunner.java:222)
	at org.junit.runners.ParentRunner.run(ParentRunner.java:300)
	at org.apache.maven.surefire.junit4.JUnit4Provider.execute(JUnit4Provider.java:252)
	at org.apache.maven.surefire.junit4.JUnit4Provider.executeTestSet(JUnit4Provider.java:141)
	at org.apache.maven.surefire.junit4.JUnit4Provider.invoke(JUnit4Provider.java:112)
	at sun.reflect.NativeMethodAccessorImpl.invoke0(Native Method)
	at sun.reflect.NativeMethodAccessorImpl.invoke(NativeMethodAccessorImpl.java:57)
	at sun.reflect.DelegatingMethodAccessorImpl.invoke(DelegatingMethodAccessorImpl.java:43)
	at java.lang.reflect.Method.invoke(Method.java:606)
	at org.apache.maven.surefire.util.ReflectionUtils.invokeMethodWithArray(ReflectionUtils.java:189)
	at org.apache.maven.surefire.booter.ProviderFactory$ProviderProxy.invoke(ProviderFactory.java:165)
	at org.apache.maven.surefire.booter.ProviderFactory.invokeProvider(ProviderFactory.java:85)
	at org.apache.maven.surefire.booter.ForkedBooter.runSuitesInProcess(ForkedBooter.java:115)
	at org.apache.maven.surefire.booter.ForkedBooter.main(ForkedBooter.java:75)
Caused by: java.net.UnknownHostException: unknown host: hmaster
	at org.apache.hadoop.hbase.ipc.RpcClient$Connection.&lt;init&gt;(RpcClient.java:386)
	at org.apache.hadoop.hbase.ipc.RpcClient.createConnection(RpcClient.java:352)
	at org.apache.hadoop.hbase.ipc.RpcClient.getConnection(RpcClient.java:1526)
	at org.apache.hadoop.hbase.ipc.RpcClient.call(RpcClient.java:1438)
	at org.apache.hadoop.hbase.ipc.RpcClient.callBlockingMethod(RpcClient.java:1657)
	at org.apache.hadoop.hbase.ipc.RpcClient$BlockingRpcChannelImplementation.callBlockingMethod(RpcClient.java:1715)
	at org.apache.hadoop.hbase.protobuf.generated.ClientProtos$ClientService$BlockingStub.scan(ClientProtos.java:29900)
	at org.apache.hadoop.hbase.client.ScannerCallable.openScanner(ScannerCallable.java:308)
	at org.apache.hadoop.hbase.client.ScannerCallable.call(ScannerCallable.java:164)
	at org.apache.hadoop.hbase.client.ScannerCallable.call(ScannerCallable.java:59)
	at org.apache.hadoop.hbase.client.RpcRetryingCaller.callWithRetries(RpcRetryingCaller.java:114)
	... 41 more
</error>
    <system-err>14/08/26 13:26:00 INFO zookeeper.ZooKeeper: Client environment:zookeeper.version=3.3.1-942149, built on 05/07/2010 17:14 GMT
14/08/26 13:26:00 INFO zookeeper.ZooKeeper: Client environment:host.name=CTCDTL01JW362J.ITServices.sbc.com
14/08/26 13:26:00 INFO zookeeper.ZooKeeper: Client environment:java.version=1.7.0_55
14/08/26 13:26:00 INFO zookeeper.ZooKeeper: Client environment:java.vendor=Oracle Corporation
14/08/26 13:26:00 INFO zookeeper.ZooKeeper: Client environment:java.home=C:\Program_Files\Java\jdk1.7.0_55\jre
14/08/26 13:26:00 INFO zookeeper.ZooKeeper: Client environment:java.class.path=C:\Users\jw362j\work_jiunian.wang\code\p_project\GitHub\opensource_code\work\useit\bigdata\Hadoop_Bigdog\target\test-classes;C:\Users\jw362j\work_jiunian.wang\code\p_project\GitHub\opensource_code\work\useit\bigdata\Hadoop_Bigdog\target\classes;C:\Users\jw362j\work_jiunian.wang\m2\org\apache\hadoop\hadoop-core\1.1.2\hadoop-core-1.1.2.jar;C:\Users\jw362j\work_jiunian.wang\m2\commons-cli\commons-cli\1.2\commons-cli-1.2.jar;C:\Users\jw362j\work_jiunian.wang\m2\xmlenc\xmlenc\0.52\xmlenc-0.52.jar;C:\Users\jw362j\work_jiunian.wang\m2\com\sun\jersey\jersey-core\1.8\jersey-core-1.8.jar;C:\Users\jw362j\work_jiunian.wang\m2\com\sun\jersey\jersey-json\1.8\jersey-json-1.8.jar;C:\Users\jw362j\work_jiunian.wang\m2\org\codehaus\jettison\jettison\1.1\jettison-1.1.jar;C:\Users\jw362j\work_jiunian.wang\m2\com\sun\xml\bind\jaxb-impl\2.2.3-1\jaxb-impl-2.2.3-1.jar;C:\Users\jw362j\work_jiunian.wang\m2\javax\xml\bind\jaxb-api\2.2.2\jaxb-api-2.2.2.jar;C:\Users\jw362j\work_jiunian.wang\m2\javax\xml\stream\stax-api\1.0-2\stax-api-1.0-2.jar;C:\Users\jw362j\work_jiunian.wang\m2\org\codehaus\jackson\jackson-core-asl\1.7.1\jackson-core-asl-1.7.1.jar;C:\Users\jw362j\work_jiunian.wang\m2\org\codehaus\jackson\jackson-jaxrs\1.7.1\jackson-jaxrs-1.7.1.jar;C:\Users\jw362j\work_jiunian.wang\m2\org\codehaus\jackson\jackson-xc\1.7.1\jackson-xc-1.7.1.jar;C:\Users\jw362j\work_jiunian.wang\m2\com\sun\jersey\jersey-server\1.8\jersey-server-1.8.jar;C:\Users\jw362j\work_jiunian.wang\m2\asm\asm\3.1\asm-3.1.jar;C:\Users\jw362j\work_jiunian.wang\m2\commons-io\commons-io\2.1\commons-io-2.1.jar;C:\Users\jw362j\work_jiunian.wang\m2\commons-httpclient\commons-httpclient\3.0.1\commons-httpclient-3.0.1.jar;C:\Users\jw362j\work_jiunian.wang\m2\commons-codec\commons-codec\1.4\commons-codec-1.4.jar;C:\Users\jw362j\work_jiunian.wang\m2\org\apache\commons\commons-math\2.1\commons-math-2.1.jar;C:\Users\jw362j\work_jiunian.wang\m2\commons-configuration\commons-configuration\1.6\commons-configuration-1.6.jar;C:\Users\jw362j\work_jiunian.wang\m2\commons-collections\commons-collections\3.2.1\commons-collections-3.2.1.jar;C:\Users\jw362j\work_jiunian.wang\m2\commons-digester\commons-digester\1.8\commons-digester-1.8.jar;C:\Users\jw362j\work_jiunian.wang\m2\commons-beanutils\commons-beanutils\1.7.0\commons-beanutils-1.7.0.jar;C:\Users\jw362j\work_jiunian.wang\m2\commons-beanutils\commons-beanutils-core\1.8.0\commons-beanutils-core-1.8.0.jar;C:\Users\jw362j\work_jiunian.wang\m2\commons-net\commons-net\1.4.1\commons-net-1.4.1.jar;C:\Users\jw362j\work_jiunian.wang\m2\org\mortbay\jetty\jetty\6.1.26\jetty-6.1.26.jar;C:\Users\jw362j\work_jiunian.wang\m2\org\mortbay\jetty\servlet-api\2.5-20081211\servlet-api-2.5-20081211.jar;C:\Users\jw362j\work_jiunian.wang\m2\org\mortbay\jetty\jetty-util\6.1.26\jetty-util-6.1.26.jar;C:\Users\jw362j\work_jiunian.wang\m2\tomcat\jasper-runtime\5.5.12\jasper-runtime-5.5.12.jar;C:\Users\jw362j\work_jiunian.wang\m2\tomcat\jasper-compiler\5.5.12\jasper-compiler-5.5.12.jar;C:\Users\jw362j\work_jiunian.wang\m2\org\mortbay\jetty\jsp-api-2.1\6.1.14\jsp-api-2.1-6.1.14.jar;C:\Users\jw362j\work_jiunian.wang\m2\org\mortbay\jetty\servlet-api-2.5\6.1.14\servlet-api-2.5-6.1.14.jar;C:\Users\jw362j\work_jiunian.wang\m2\org\mortbay\jetty\jsp-2.1\6.1.14\jsp-2.1-6.1.14.jar;C:\Users\jw362j\work_jiunian.wang\m2\ant\ant\1.6.5\ant-1.6.5.jar;C:\Users\jw362j\work_jiunian.wang\m2\commons-el\commons-el\1.0\commons-el-1.0.jar;C:\Users\jw362j\work_jiunian.wang\m2\net\java\dev\jets3t\jets3t\0.6.1\jets3t-0.6.1.jar;C:\Users\jw362j\work_jiunian.wang\m2\hsqldb\hsqldb\1.8.0.10\hsqldb-1.8.0.10.jar;C:\Users\jw362j\work_jiunian.wang\m2\oro\oro\2.0.8\oro-2.0.8.jar;C:\Users\jw362j\work_jiunian.wang\m2\org\eclipse\jdt\core\3.1.1\core-3.1.1.jar;C:\Users\jw362j\work_jiunian.wang\m2\org\codehaus\jackson\jackson-mapper-asl\1.8.8\jackson-mapper-asl-1.8.8.jar;C:\Users\jw362j\work_jiunian.wang\m2\org\apache\zookeeper\zookeeper\3.3.1\zookeeper-3.3.1.jar;C:\Users\jw362j\work_jiunian.wang\m2\log4j\log4j\1.2.15\log4j-1.2.15.jar;C:\Users\jw362j\work_jiunian.wang\m2\javax\mail\mail\1.4\mail-1.4.jar;C:\Users\jw362j\work_jiunian.wang\m2\javax\activation\activation\1.1\activation-1.1.jar;C:\Users\jw362j\work_jiunian.wang\m2\javax\jms\jms\1.1\jms-1.1.jar;C:\Users\jw362j\work_jiunian.wang\m2\com\sun\jdmk\jmxtools\1.2.1\jmxtools-1.2.1.jar;C:\Users\jw362j\work_jiunian.wang\m2\com\sun\jmx\jmxri\1.2.1\jmxri-1.2.1.jar;C:\Users\jw362j\work_jiunian.wang\m2\jline\jline\0.9.94\jline-0.9.94.jar;C:\Users\jw362j\work_jiunian.wang\m2\org\apache\hbase\hbase-client\0.98.3-hadoop1\hbase-client-0.98.3-hadoop1.jar;C:\Users\jw362j\work_jiunian.wang\m2\org\apache\hbase\hbase-common\0.98.3-hadoop1\hbase-common-0.98.3-hadoop1.jar;C:\Users\jw362j\work_jiunian.wang\m2\org\apache\hbase\hbase-protocol\0.98.3-hadoop1\hbase-protocol-0.98.3-hadoop1.jar;C:\Users\jw362j\work_jiunian.wang\m2\commons-lang\commons-lang\2.6\commons-lang-2.6.jar;C:\Users\jw362j\work_jiunian.wang\m2\commons-logging\commons-logging\1.1.1\commons-logging-1.1.1.jar;C:\Users\jw362j\work_jiunian.wang\m2\com\google\guava\guava\12.0.1\guava-12.0.1.jar;C:\Users\jw362j\work_jiunian.wang\m2\com\google\code\findbugs\jsr305\1.3.9\jsr305-1.3.9.jar;C:\Users\jw362j\work_jiunian.wang\m2\com\google\protobuf\protobuf-java\2.5.0\protobuf-java-2.5.0.jar;C:\Users\jw362j\work_jiunian.wang\m2\io\netty\netty\3.6.6.Final\netty-3.6.6.Final.jar;C:\Users\jw362j\work_jiunian.wang\m2\org\cloudera\htrace\htrace-core\2.04\htrace-core-2.04.jar;C:\Users\jw362j\work_jiunian.wang\m2\org\apache\hive\hive-exec\0.13.1\hive-exec-0.13.1.jar;C:\Users\jw362j\work_jiunian.wang\m2\org\apache\hive\hive-ant\0.13.1\hive-ant-0.13.1.jar;C:\Users\jw362j\work_jiunian.wang\m2\org\apache\velocity\velocity\1.5\velocity-1.5.jar;C:\Users\jw362j\work_jiunian.wang\m2\org\apache\hive\hive-metastore\0.13.1\hive-metastore-0.13.1.jar;C:\Users\jw362j\work_jiunian.wang\m2\com\jolbox\bonecp\0.8.0.RELEASE\bonecp-0.8.0.RELEASE.jar;C:\Users\jw362j\work_jiunian.wang\m2\org\apache\derby\derby\10.10.1.1\derby-10.10.1.1.jar;C:\Users\jw362j\work_jiunian.wang\m2\org\datanucleus\datanucleus-api-jdo\3.2.6\datanucleus-api-jdo-3.2.6.jar;C:\Users\jw362j\work_jiunian.wang\m2\org\datanucleus\datanucleus-rdbms\3.2.9\datanucleus-rdbms-3.2.9.jar;C:\Users\jw362j\work_jiunian.wang\m2\javax\jdo\jdo-api\3.0.1\jdo-api-3.0.1.jar;C:\Users\jw362j\work_jiunian.wang\m2\javax\transaction\jta\1.1\jta-1.1.jar;C:\Users\jw362j\work_jiunian.wang\m2\org\apache\hive\hive-shims\0.13.1\hive-shims-0.13.1.jar;C:\Users\jw362j\work_jiunian.wang\m2\org\apache\hive\shims\hive-shims-common\0.13.1\hive-shims-common-0.13.1.jar;C:\Users\jw362j\work_jiunian.wang\m2\org\apache\hive\shims\hive-shims-0.20\0.13.1\hive-shims-0.20-0.13.1.jar;C:\Users\jw362j\work_jiunian.wang\m2\org\apache\hive\shims\hive-shims-common-secure\0.13.1\hive-shims-common-secure-0.13.1.jar;C:\Users\jw362j\work_jiunian.wang\m2\org\apache\hive\shims\hive-shims-0.20S\0.13.1\hive-shims-0.20S-0.13.1.jar;C:\Users\jw362j\work_jiunian.wang\m2\org\apache\hive\shims\hive-shims-0.23\0.13.1\hive-shims-0.23-0.13.1.jar;C:\Users\jw362j\work_jiunian.wang\m2\org\apache\commons\commons-lang3\3.1\commons-lang3-3.1.jar;C:\Users\jw362j\work_jiunian.wang\m2\org\antlr\antlr-runtime\3.4\antlr-runtime-3.4.jar;C:\Users\jw362j\work_jiunian.wang\m2\org\antlr\stringtemplate\3.2.1\stringtemplate-3.2.1.jar;C:\Users\jw362j\work_jiunian.wang\m2\antlr\antlr\2.7.7\antlr-2.7.7.jar;C:\Users\jw362j\work_jiunian.wang\m2\org\antlr\ST4\4.0.4\ST4-4.0.4.jar;C:\Users\jw362j\work_jiunian.wang\m2\org\apache\avro\avro\1.7.5\avro-1.7.5.jar;C:\Users\jw362j\work_jiunian.wang\m2\com\thoughtworks\paranamer\paranamer\2.3\paranamer-2.3.jar;C:\Users\jw362j\work_jiunian.wang\m2\org\xerial\snappy\snappy-java\1.0.5\snappy-java-1.0.5.jar;C:\Users\jw362j\work_jiunian.wang\m2\org\apache\ant\ant\1.9.1\ant-1.9.1.jar;C:\Users\jw362j\work_jiunian.wang\m2\org\apache\ant\ant-launcher\1.9.1\ant-launcher-1.9.1.jar;C:\Users\jw362j\work_jiunian.wang\m2\org\apache\commons\commons-compress\1.4.1\commons-compress-1.4.1.jar;C:\Users\jw362j\work_jiunian.wang\m2\org\tukaani\xz\1.0\xz-1.0.jar;C:\Users\jw362j\work_jiunian.wang\m2\org\apache\thrift\libfb303\0.9.0\libfb303-0.9.0.jar;C:\Users\jw362j\work_jiunian.wang\m2\org\codehaus\groovy\groovy-all\2.1.6\groovy-all-2.1.6.jar;C:\Users\jw362j\work_jiunian.wang\m2\org\datanucleus\datanucleus-core\3.2.10\datanucleus-core-3.2.10.jar;C:\Users\jw362j\work_jiunian.wang\m2\stax\stax-api\1.0.1\stax-api-1.0.1.jar;C:\Users\jw362j\work_jiunian.wang\m2\org\slf4j\slf4j-api\1.7.5\slf4j-api-1.7.5.jar;C:\Users\jw362j\work_jiunian.wang\m2\org\slf4j\slf4j-log4j12\1.7.5\slf4j-log4j12-1.7.5.jar;C:\Users\jw362j\work_jiunian.wang\m2\org\apache\hive\hive-jdbc\0.13.1\hive-jdbc-0.13.1.jar;C:\Users\jw362j\work_jiunian.wang\m2\org\apache\hive\hive-common\0.13.1\hive-common-0.13.1.jar;C:\Users\jw362j\work_jiunian.wang\m2\org\apache\hive\hive-serde\0.13.1\hive-serde-0.13.1.jar;C:\Users\jw362j\work_jiunian.wang\m2\org\apache\hive\hive-service\0.13.1\hive-service-0.13.1.jar;C:\Users\jw362j\work_jiunian.wang\m2\net\sf\jpam\jpam\1.1\jpam-1.1.jar;C:\Users\jw362j\work_jiunian.wang\m2\org\eclipse\jetty\aggregate\jetty-all\7.6.0.v20120127\jetty-all-7.6.0.v20120127.jar;C:\Users\jw362j\work_jiunian.wang\m2\javax\servlet\servlet-api\2.5\servlet-api-2.5.jar;C:\Users\jw362j\work_jiunian.wang\m2\org\apache\geronimo\specs\geronimo-jta_1.1_spec\1.1.1\geronimo-jta_1.1_spec-1.1.1.jar;C:\Users\jw362j\work_jiunian.wang\m2\org\apache\geronimo\specs\geronimo-jaspic_1.0_spec\1.0\geronimo-jaspic_1.0_spec-1.0.jar;C:\Users\jw362j\work_jiunian.wang\m2\org\apache\geronimo\specs\geronimo-annotation_1.0_spec\1.1.1\geronimo-annotation_1.0_spec-1.1.1.jar;C:\Users\jw362j\work_jiunian.wang\m2\asm\asm-commons\3.1\asm-commons-3.1.jar;C:\Users\jw362j\work_jiunian.wang\m2\asm\asm-tree\3.1\asm-tree-3.1.jar;C:\Users\jw362j\work_jiunian.wang\m2\org\apache\httpcomponents\httpclient\4.2.5\httpclient-4.2.5.jar;C:\Users\jw362j\work_jiunian.wang\m2\org\apache\httpcomponents\httpcore\4.2.5\httpcore-4.2.5.jar;C:\Users\jw362j\work_jiunian.wang\m2\org\apache\thrift\libthrift\0.9.0\libthrift-0.9.0.jar;C:\Users\jw362j\work_jiunian.wang\m2\junit\junit\4.10\junit-4.10.jar;C:\Users\jw362j\work_jiunian.wang\m2\org\hamcrest\hamcrest-core\1.1\hamcrest-core-1.1.jar;C:\Users\jw362j\work_jiunian.wang\m2\org\mockito\mockito-all\1.9.5\mockito-all-1.9.5.jar;C:\Users\jw362j\work_jiunian.wang\m2\com\github\stephenc\findbugs\findbugs-annotations\1.3.9-1\findbugs-annotations-1.3.9-1.jar;
14/08/26 13:26:00 INFO zookeeper.ZooKeeper: Client environment:java.library.path=C:\Program_Files\Java\jdk1.7.0_55\jre\bin;C:\Windows\Sun\Java\bin;C:\Windows\system32;C:\Windows;C:\Windows\system32;C:\Windows;C:\Windows\System32\Wbem;C:\Windows\System32\WindowsPowerShell\v1.0\;C:\Program Files (x86)\ATI Technologies\ATI.ACE\Core-Static;C:\Program Files (x86)\Enterprise Vault\EVClient\;C:\Program_Files\Java\jdk1.7.0_55\bin;C:\Users\jw362j\work_jiunian.wang\Program_Files\apache-maven-3.1.1\bin;C:\Program_Files\TortoiseSVN\bin;C:\Users\jw362j\work_jiunian.wang\Program_Files\apache-tomcat-7.0.47\bin;C:\Program_Files\adt-bundle-windows-x86_64-20140321\sdk\platform-tools;C:\Program_Files\adt-bundle-windows-x86_64-20140321\sdk\tools;C:\Users\jw362j\work_jiunian.wang\Program_Files\mysql-5.6.17-winx64\bin;;.
14/08/26 13:26:00 INFO zookeeper.ZooKeeper: Client environment:java.io.tmpdir=C:\Users\jw362j\AppData\Local\Temp\
14/08/26 13:26:00 INFO zookeeper.ZooKeeper: Client environment:java.compiler=&lt;NA&gt;
14/08/26 13:26:00 INFO zookeeper.ZooKeeper: Client environment:os.name=Windows 7
14/08/26 13:26:00 INFO zookeeper.ZooKeeper: Client environment:os.arch=amd64
14/08/26 13:26:00 INFO zookeeper.ZooKeeper: Client environment:os.version=6.1
14/08/26 13:26:00 INFO zookeeper.ZooKeeper: Client environment:user.name=jw362j
14/08/26 13:26:00 INFO zookeeper.ZooKeeper: Client environment:user.home=C:\Users\jw362j
14/08/26 13:26:00 INFO zookeeper.ZooKeeper: Client environment:user.dir=C:\Users\jw362j\work_jiunian.wang\code\p_project\GitHub\opensource_code\work\useit\bigdata\Hadoop_Bigdog
14/08/26 13:26:00 INFO zookeeper.ZooKeeper: Initiating client connection, connectString=192.168.1.109:2181 sessionTimeout=90000 watcher=hconnection-0x6b5cbaf2, quorum=192.168.1.109:2181, baseZNode=/hbase
14/08/26 13:26:01 INFO zookeeper.ClientCnxn: Opening socket connection to server /192.168.1.109:2181
14/08/26 13:26:01 INFO zookeeper.RecoverableZooKeeper: Process identifier=hconnection-0x6b5cbaf2 connecting to ZooKeeper ensemble=192.168.1.109:2181
14/08/26 13:26:05 INFO zookeeper.ClientCnxn: Socket connection established to 192.168.1.109/192.168.1.109:2181, initiating session
14/08/26 13:26:05 INFO zookeeper.ClientCnxn: Session establishment complete on server 192.168.1.109/192.168.1.109:2181, sessionid = 0x148135a2d9e0006, negotiated timeout = 40000
14/08/26 13:26:05 INFO zookeeper.ZooKeeper: Initiating client connection, connectString=192.168.1.109:2181 sessionTimeout=90000 watcher=catalogtracker-on-hconnection-0x6b5cbaf2, quorum=192.168.1.109:2181, baseZNode=/hbase
14/08/26 13:26:05 INFO zookeeper.RecoverableZooKeeper: Process identifier=catalogtracker-on-hconnection-0x6b5cbaf2 connecting to ZooKeeper ensemble=192.168.1.109:2181
14/08/26 13:26:05 INFO zookeeper.ClientCnxn: Opening socket connection to server /192.168.1.109:2181
14/08/26 13:26:10 INFO zookeeper.ClientCnxn: Socket connection established to 192.168.1.109/192.168.1.109:2181, initiating session
14/08/26 13:26:10 INFO zookeeper.ClientCnxn: Session establishment complete on server 192.168.1.109/192.168.1.109:2181, sessionid = 0x148135a2d9e0007, negotiated timeout = 40000
14/08/26 13:35:24 INFO zookeeper.ZooKeeper: Session: 0x148135a2d9e0007 closed
</system-err>
  </testcase>
</testsuite>